<?xml version="1.0" encoding="utf-8"?>
<shfbBuild product="Sandcastle Help File Builder and Tools" version="2016.9.17.0" projectFile="C:\Users\shima\Documents\Visual Studio 2015\Projects\opencvsharp\OpenCvSharp.shfbproj" started="2017/02/21 15:51:29">
<buildStep step="Initializing">
Finding tools...
The Sandcastle tools are located in &#39;C:\Program Files (x86)\EWSoftware\Sandcastle Help File Builder\&#39;
Locating components in the following folder(s):
    C:\Users\shima\Documents\Visual Studio 2015\Projects\opencvsharp
    C:\ProgramData\EWSoftware\Sandcastle Help File Builder\Components and Plug-Ins\
    C:\Program Files (x86)\EWSoftware\Sandcastle Help File Builder\
Using framework reflection data for &#39;.NET Framework 4.6&#39; located in &#39;C:\Program Files (x86)\EWSoftware\Sandcastle Help File Builder\Data\.NETFramework&#39;
Using presentation style &#39;VS2013&#39; located in &#39;C:\Program Files (x86)\EWSoftware\Sandcastle Help File Builder\PresentationStyles\VS2013&#39;
Loading and initializing plug-ins...
Lightweight Website Style Version 2016.9.17.0
Copyright &#169; 2006-2016, Eric Woodruff, All Rights Reserved
Portions Copyright &#169; 2014, Sam Harwell, All Rights Reserved
-------------------------------
Clearing any prior web/markdown output...
</buildStep>
<buildStep step="ValidatingDocumentationSources">
Validating and copying documentation source information
Source: C:\Users\shima\Documents\Visual Studio 2015\Projects\opencvsharp\src\OpenCvSharp\bin\Release\net46\OpenCvSharp.dll
    Found assembly &#39;C:\Users\shima\Documents\Visual Studio 2015\Projects\opencvsharp\src\OpenCvSharp\bin\Release\net46\OpenCvSharp.dll&#39;
Source: C:\Users\shima\Documents\Visual Studio 2015\Projects\src\OpenCvSharp\bin\Release\net46\OpenCvSharp.xml
SHFB: Warning BE0006: Unable to locate any documentation sources for &#39;C:\Users\shima\Documents\Visual Studio 2015\Projects\src\OpenCvSharp\bin\Release\net46\OpenCvSharp.xml&#39; (Configuration: Release Platform: AnyCPU)
Source: C:\Users\shima\Documents\Visual Studio 2015\Projects\opencvsharp\src\OpenCvSharp.Blob\bin\Release\net46\OpenCvSharp.Blob.dll
    Found assembly &#39;C:\Users\shima\Documents\Visual Studio 2015\Projects\opencvsharp\src\OpenCvSharp.Blob\bin\Release\net46\OpenCvSharp.Blob.dll&#39;
Source: C:\Users\shima\Documents\Visual Studio 2015\Projects\opencvsharp\src\OpenCvSharp.Blob\bin\Release\net46\OpenCvSharp.Blob.xml
Source: C:\Users\shima\Documents\Visual Studio 2015\Projects\opencvsharp\src\OpenCvSharp.Extensions\bin\Release\net46\OpenCvSharp.Extensions.dll
    Found assembly &#39;C:\Users\shima\Documents\Visual Studio 2015\Projects\opencvsharp\src\OpenCvSharp.Extensions\bin\Release\net46\OpenCvSharp.Extensions.dll&#39;
Source: C:\Users\shima\Documents\Visual Studio 2015\Projects\opencvsharp\src\OpenCvSharp.Extensions\bin\Release\net46\OpenCvSharp.Extensions.xml
Source: C:\Users\shima\Documents\Visual Studio 2015\Projects\opencvsharp\src\OpenCvSharp.UserInterface\bin\Release\net46\OpenCvSharp.UserInterface.dll
    Found assembly &#39;C:\Users\shima\Documents\Visual Studio 2015\Projects\opencvsharp\src\OpenCvSharp.UserInterface\bin\Release\net46\OpenCvSharp.UserInterface.dll&#39;
Source: C:\Users\shima\Documents\Visual Studio 2015\Projects\opencvsharp\src\OpenCvSharp.UserInterface\bin\Release\net46\OpenCvSharp.UserInterface.xml

Copying XML comments files
    C:\Users\shima\Documents\Visual Studio 2015\Projects\opencvsharp\src\OpenCvSharp.Blob\bin\Release\net46\OpenCvSharp.Blob.xml -&gt; C:\Users\shima\Documents\Visual Studio 2015\Projects\opencvsharp\Help\Working\OpenCvSharp.Blob.xml
    C:\Users\shima\Documents\Visual Studio 2015\Projects\opencvsharp\src\OpenCvSharp.Extensions\bin\Release\net46\OpenCvSharp.Extensions.xml -&gt; C:\Users\shima\Documents\Visual Studio 2015\Projects\opencvsharp\Help\Working\OpenCvSharp.Extensions.xml
    C:\Users\shima\Documents\Visual Studio 2015\Projects\opencvsharp\src\OpenCvSharp.UserInterface\bin\Release\net46\OpenCvSharp.UserInterface.xml -&gt; C:\Users\shima\Documents\Visual Studio 2015\Projects\opencvsharp\Help\Working\OpenCvSharp.UserInterface.xml
</buildStep>
<buildStep step="GenerateSharedContent">
Generating shared content files (en-US, 英語 (米国))...
<plugIn name="Lightweight Website Style" behavior="After" priority="1000">
</plugIn>    Last step completed in 00:00:00.0170
</buildStep>
<buildStep step="GenerateApiFilter">
Generating API filter for MRefBuilder...
    Last step completed in 00:00:00.0120
</buildStep>
<buildStep step="GenerateReflectionInfo">
Generating reflection information...
[C:\Windows\Microsoft.NET\Framework64\v4.0.30319\MSBuild.exe - GenerateRefInfo.proj]
2017/02/21 15:51:34 にビルドを開始しました。
&quot;C:\Program Files (x86)\MSBuild\4.0\Microsoft.Common.targets\ImportAfter\Xamarin.Common.targets (34,37)&quot; にある BeforeTargets 属性に一覧表示されているターゲット &quot;_ConvertPdbFiles&quot; はプロジェクト内に存在しないため、無視されます。
&quot;C:\Program Files (x86)\MSBuild\4.0\Microsoft.Common.targets\ImportAfter\Xamarin.Common.targets (34,70)&quot; にある AfterTargets 属性に一覧表示されているターゲット &quot;_CollectPdbFiles&quot; はプロジェクト内に存在しないため、無視されます。
&quot;C:\Program Files (x86)\MSBuild\4.0\Microsoft.Common.targets\ImportAfter\Xamarin.Common.targets (41,38)&quot; にある BeforeTargets 属性に一覧表示されているターゲット &quot;_CollectMdbFiles&quot; はプロジェクト内に存在しないため、無視されます。
&quot;C:\Program Files (x86)\MSBuild\4.0\Microsoft.Common.targets\ImportAfter\Xamarin.Common.targets (41,71)&quot; にある AfterTargets 属性に一覧表示されているターゲット &quot;_CopyMdbFiles&quot; はプロジェクト内に存在しないため、無視されます。
ノード 1 上のプロジェクト &quot;C:\Users\shima\Documents\Visual Studio 2015\Projects\opencvsharp\Help\Working\GenerateRefInfo.proj&quot; (既定のターゲット)。
PrepareForBuild:
  ディレクトリ &quot;obj\Debug\&quot; を作成しています。
GenerateRefInfo:
  MRefBuilder (v2016.9.17.0)
  Copyright c 2006-2016, Microsoft Corporation, All Rights Reserved.
  Portions Copyright c 2006-2016, Eric Woodruff, All Rights Reserved.
  No source code context base path specified.  Source context information is unavailable.
  Loaded 4 assemblies for reflection and 1 dependency assemblies.
  Wrote information on 12 namespaces, 423 types, and 7261 members
  &quot;reflection.org&quot; から &quot;reflection.all&quot; へファイルをコピーしています。
  XslTransform (v2016.9.17.0)
  Copyright c 2006-2016, Microsoft Corporation, All Rights Reserved.
  Portions Copyright c 2006-2016, Eric Woodruff, All Rights Reserved.
  Applying XSL transformation &#39;C:\Program Files (x86)\EWSoftware\Sandcastle Help File Builder\ProductionTransforms\MergeDuplicates.xsl&#39;.
プロジェクト &quot;C:\Users\shima\Documents\Visual Studio 2015\Projects\opencvsharp\Help\Working\GenerateRefInfo.proj&quot; (既定のターゲット) のビルドが完了しました。

ビルドに成功しました。

経過時間 00:00:02.29
    Last step completed in 00:00:02.4419
</buildStep>
<buildStep step="TransformReflectionInfo">
Transforming reflection output...
[C:\Windows\Microsoft.NET\Framework64\v4.0.30319\MSBuild.exe - TransformManifest.proj]
2017/02/21 15:51:37 にビルドを開始しました。
ノード 1 上のプロジェクト &quot;C:\Users\shima\Documents\Visual Studio 2015\Projects\opencvsharp\Help\Working\TransformManifest.proj&quot; (既定のターゲット)。
TransformManifest:
  XslTransform (v2016.9.17.0)
  Copyright c 2006-2016, Microsoft Corporation, All Rights Reserved.
  Portions Copyright c 2006-2016, Eric Woodruff, All Rights Reserved.
  Applying XSL transformation &#39;C:\Program Files (x86)\EWSoftware\Sandcastle Help File Builder\\ProductionTransforms\ApplyVSDocModel.xsl&#39;.
  &quot;reflection.xml&quot; から &quot;reflection.nofilenames&quot; へファイルをコピーしています。
  XslTransform (v2016.9.17.0)
  Copyright c 2006-2016, Microsoft Corporation, All Rights Reserved.
  Portions Copyright c 2006-2016, Eric Woodruff, All Rights Reserved.
  Applying XSL transformation &#39;C:\Program Files (x86)\EWSoftware\Sandcastle Help File Builder\ProductionTransforms\AddFilenames.xsl&#39;.
  XslTransform (v2016.9.17.0)
  Copyright c 2006-2016, Microsoft Corporation, All Rights Reserved.
  Portions Copyright c 2006-2016, Eric Woodruff, All Rights Reserved.
  Applying XSL transformation &#39;C:\Program Files (x86)\EWSoftware\Sandcastle Help File Builder\ProductionTransforms\ReflectionToManifest.xsl&#39;.
プロジェクト &quot;C:\Users\shima\Documents\Visual Studio 2015\Projects\opencvsharp\Help\Working\TransformManifest.proj&quot; (既定のターゲット) のビルドが完了しました。

ビルドに成功しました。

経過時間 00:02:02.35
    Last step completed in 00:02:02.4885
</buildStep>
<buildStep step="GenerateNamespaceSummaries">
Generating namespace summary information...
    Last step completed in 00:00:00.2520
</buildStep>
<buildStep step="CopyAdditionalContent">
Copying additional content files...
No additional content to copy
    Last step completed in 00:00:00.0000
</buildStep>
<buildStep step="MergeTablesOfContents">
Merging conceptual and additional tables of contents...
    Last step completed in 00:00:00.0000
</buildStep>
<buildStep step="GenerateIntermediateTableOfContents">
Generating intermediate table of contents file...
[C:\Windows\Microsoft.NET\Framework64\v4.0.30319\MSBuild.exe - GenerateIntermediateTOC.proj]
2017/02/21 15:53:40 にビルドを開始しました。
ノード 1 上のプロジェクト &quot;C:\Users\shima\Documents\Visual Studio 2015\Projects\opencvsharp\Help\Working\GenerateIntermediateTOC.proj&quot; (既定のターゲット)。
GenerateIntermediateTOC:
  XslTransform (v2016.9.17.0)
  Copyright c 2006-2016, Microsoft Corporation, All Rights Reserved.
  Portions Copyright c 2006-2016, Eric Woodruff, All Rights Reserved.
  Applying XSL transformation &#39;C:\Program Files (x86)\EWSoftware\Sandcastle Help File Builder\\ProductionTransforms\CreateVSToc.xsl&#39;.
プロジェクト &quot;C:\Users\shima\Documents\Visual Studio 2015\Projects\opencvsharp\Help\Working\GenerateIntermediateTOC.proj&quot; (既定のターゲット) のビルドが完了しました。

ビルドに成功しました。

経過時間 00:00:00.68
Generating conceptual content intermediate TOC file...
    Last step completed in 00:00:00.8400
</buildStep>
<buildStep step="CreateBuildAssemblerConfigs">
Creating Sandcastle configuration files...
    sandcastle.config
    Last step completed in 00:00:00.3340
</buildStep>
<buildStep step="MergeCustomConfigs">
Merging custom build component configurations
C:\Users\shima\Documents\Visual Studio 2015\Projects\opencvsharp\Help\Working\sandcastle.config
  Updating reference topic configurations.
  No conceptual content.  Removing conceptual content components.
    Last step completed in 00:00:00.0080
</buildStep>
<buildStep step="BuildTopics">
Building help topics...
[C:\Windows\Microsoft.NET\Framework64\v4.0.30319\MSBuild.exe - BuildTopics.proj]
2017/02/21 15:53:41 にビルドを開始しました。
ノード 1 上のプロジェクト &quot;C:\Users\shima\Documents\Visual Studio 2015\Projects\opencvsharp\Help\Working\BuildTopics.proj&quot; (既定のターゲット)。
BuildTopics:
  BuildAssembler (v2016.9.17.0)
  Copyright c 2006-2016, Microsoft Corporation, All Rights Reserved.
  Portions Copyright c 2006-2016, Eric Woodruff, All Rights Reserved.
  Loading configuration...
  Processing topics...
  Processed 8110 topic(s)
  CopyFromIndexComponent: &quot;reflection&quot; in-memory cache entries used: 13 of 15.
  CopyFromIndexComponent: &quot;comments&quot; in-memory cache entries used: 3 of 30.
  SaveComponent: Waiting for the document writer task to finish (99 Website API file(s) remaining)...
プロジェクト &quot;C:\Users\shima\Documents\Visual Studio 2015\Projects\opencvsharp\Help\Working\BuildTopics.proj&quot; (既定のターゲット) のビルドが完了しました。

ビルドに成功しました。

経過時間 00:03:15.82
    Last step completed in 00:03:15.9865
</buildStep>
<buildStep step="CombiningIntermediateTocFiles">
Combining conceptual and API intermediate TOC files...
    Last step completed in 00:00:00.0460
</buildStep>
<buildStep step="ExtractingHtmlInfo">
Extracting HTML info for HTML Help 1 and/or website...
[C:\Windows\Microsoft.NET\Framework64\v4.0.30319\MSBuild.exe - ExtractHtmlInfo.proj]
Sandcastle Help File Builder and Tools, version 2016.9.17.0
Copyright c 2006-2016, Eric Woodruff, All Rights Reserved
E-Mail: Eric@EWoodruff.us

Using LCID &#39;1033&#39;, code page &#39;65001&#39;, encoding charset &#39;UTF-8&#39;.

Processing website files in C:\Users\shima\Documents\Visual Studio 2015\Projects\opencvsharp\Help\Working\Output\Website
Processed 8110 HTML files
Sorting keywords and generating See Also indices
Saving website keyword index to C:\Users\shima\Documents\Visual Studio 2015\Projects\opencvsharp\Help\Working\WebKI.xml
Saving website table of contents to C:\Users\shima\Documents\Visual Studio 2015\Projects\opencvsharp\Help\Working\WebTOC.xml
    Last step completed in 00:00:37.6370
</buildStep>
<buildStep step="CopyStandardHelpContent">
Copying standard help content...
C:\Program Files (x86)\EWSoftware\Sandcastle Help File Builder\PresentationStyles\VS2013\icons\AlertCaution.png -&gt; C:\Users\shima\Documents\Visual Studio 2015\Projects\opencvsharp\Help\Working\Output\Website\icons\AlertCaution.png
C:\Program Files (x86)\EWSoftware\Sandcastle Help File Builder\PresentationStyles\VS2013\icons\AlertNote.png -&gt; C:\Users\shima\Documents\Visual Studio 2015\Projects\opencvsharp\Help\Working\Output\Website\icons\AlertNote.png
C:\Program Files (x86)\EWSoftware\Sandcastle Help File Builder\PresentationStyles\VS2013\icons\AlertSecurity.png -&gt; C:\Users\shima\Documents\Visual Studio 2015\Projects\opencvsharp\Help\Working\Output\Website\icons\AlertSecurity.png
C:\Program Files (x86)\EWSoftware\Sandcastle Help File Builder\PresentationStyles\VS2013\icons\CFW.gif -&gt; C:\Users\shima\Documents\Visual Studio 2015\Projects\opencvsharp\Help\Working\Output\Website\icons\CFW.gif
C:\Program Files (x86)\EWSoftware\Sandcastle Help File Builder\PresentationStyles\VS2013\icons\CodeExample.png -&gt; C:\Users\shima\Documents\Visual Studio 2015\Projects\opencvsharp\Help\Working\Output\Website\icons\CodeExample.png
C:\Program Files (x86)\EWSoftware\Sandcastle Help File Builder\PresentationStyles\VS2013\icons\favicon.ico -&gt; C:\Users\shima\Documents\Visual Studio 2015\Projects\opencvsharp\Help\Working\Output\Website\icons\favicon.ico
C:\Program Files (x86)\EWSoftware\Sandcastle Help File Builder\PresentationStyles\VS2013\icons\privclass.gif -&gt; C:\Users\shima\Documents\Visual Studio 2015\Projects\opencvsharp\Help\Working\Output\Website\icons\privclass.gif
C:\Program Files (x86)\EWSoftware\Sandcastle Help File Builder\PresentationStyles\VS2013\icons\privdelegate.gif -&gt; C:\Users\shima\Documents\Visual Studio 2015\Projects\opencvsharp\Help\Working\Output\Website\icons\privdelegate.gif
C:\Program Files (x86)\EWSoftware\Sandcastle Help File Builder\PresentationStyles\VS2013\icons\privenumeration.gif -&gt; C:\Users\shima\Documents\Visual Studio 2015\Projects\opencvsharp\Help\Working\Output\Website\icons\privenumeration.gif
C:\Program Files (x86)\EWSoftware\Sandcastle Help File Builder\PresentationStyles\VS2013\icons\privevent.gif -&gt; C:\Users\shima\Documents\Visual Studio 2015\Projects\opencvsharp\Help\Working\Output\Website\icons\privevent.gif
C:\Program Files (x86)\EWSoftware\Sandcastle Help File Builder\PresentationStyles\VS2013\icons\privextension.gif -&gt; C:\Users\shima\Documents\Visual Studio 2015\Projects\opencvsharp\Help\Working\Output\Website\icons\privextension.gif
C:\Program Files (x86)\EWSoftware\Sandcastle Help File Builder\PresentationStyles\VS2013\icons\privfield.gif -&gt; C:\Users\shima\Documents\Visual Studio 2015\Projects\opencvsharp\Help\Working\Output\Website\icons\privfield.gif
C:\Program Files (x86)\EWSoftware\Sandcastle Help File Builder\PresentationStyles\VS2013\icons\privinterface.gif -&gt; C:\Users\shima\Documents\Visual Studio 2015\Projects\opencvsharp\Help\Working\Output\Website\icons\privinterface.gif
C:\Program Files (x86)\EWSoftware\Sandcastle Help File Builder\PresentationStyles\VS2013\icons\privmethod.gif -&gt; C:\Users\shima\Documents\Visual Studio 2015\Projects\opencvsharp\Help\Working\Output\Website\icons\privmethod.gif
C:\Program Files (x86)\EWSoftware\Sandcastle Help File Builder\PresentationStyles\VS2013\icons\privproperty.gif -&gt; C:\Users\shima\Documents\Visual Studio 2015\Projects\opencvsharp\Help\Working\Output\Website\icons\privproperty.gif
C:\Program Files (x86)\EWSoftware\Sandcastle Help File Builder\PresentationStyles\VS2013\icons\privstructure.gif -&gt; C:\Users\shima\Documents\Visual Studio 2015\Projects\opencvsharp\Help\Working\Output\Website\icons\privstructure.gif
C:\Program Files (x86)\EWSoftware\Sandcastle Help File Builder\PresentationStyles\VS2013\icons\protclass.gif -&gt; C:\Users\shima\Documents\Visual Studio 2015\Projects\opencvsharp\Help\Working\Output\Website\icons\protclass.gif
C:\Program Files (x86)\EWSoftware\Sandcastle Help File Builder\PresentationStyles\VS2013\icons\protdelegate.gif -&gt; C:\Users\shima\Documents\Visual Studio 2015\Projects\opencvsharp\Help\Working\Output\Website\icons\protdelegate.gif
C:\Program Files (x86)\EWSoftware\Sandcastle Help File Builder\PresentationStyles\VS2013\icons\protenumeration.gif -&gt; C:\Users\shima\Documents\Visual Studio 2015\Projects\opencvsharp\Help\Working\Output\Website\icons\protenumeration.gif
C:\Program Files (x86)\EWSoftware\Sandcastle Help File Builder\PresentationStyles\VS2013\icons\protevent.gif -&gt; C:\Users\shima\Documents\Visual Studio 2015\Projects\opencvsharp\Help\Working\Output\Website\icons\protevent.gif
C:\Program Files (x86)\EWSoftware\Sandcastle Help File Builder\PresentationStyles\VS2013\icons\protextension.gif -&gt; C:\Users\shima\Documents\Visual Studio 2015\Projects\opencvsharp\Help\Working\Output\Website\icons\protextension.gif
C:\Program Files (x86)\EWSoftware\Sandcastle Help File Builder\PresentationStyles\VS2013\icons\protfield.gif -&gt; C:\Users\shima\Documents\Visual Studio 2015\Projects\opencvsharp\Help\Working\Output\Website\icons\protfield.gif
C:\Program Files (x86)\EWSoftware\Sandcastle Help File Builder\PresentationStyles\VS2013\icons\protinterface.gif -&gt; C:\Users\shima\Documents\Visual Studio 2015\Projects\opencvsharp\Help\Working\Output\Website\icons\protinterface.gif
C:\Program Files (x86)\EWSoftware\Sandcastle Help File Builder\PresentationStyles\VS2013\icons\protmethod.gif -&gt; C:\Users\shima\Documents\Visual Studio 2015\Projects\opencvsharp\Help\Working\Output\Website\icons\protmethod.gif
C:\Program Files (x86)\EWSoftware\Sandcastle Help File Builder\PresentationStyles\VS2013\icons\protoperator.gif -&gt; C:\Users\shima\Documents\Visual Studio 2015\Projects\opencvsharp\Help\Working\Output\Website\icons\protoperator.gif
C:\Program Files (x86)\EWSoftware\Sandcastle Help File Builder\PresentationStyles\VS2013\icons\protproperty.gif -&gt; C:\Users\shima\Documents\Visual Studio 2015\Projects\opencvsharp\Help\Working\Output\Website\icons\protproperty.gif
C:\Program Files (x86)\EWSoftware\Sandcastle Help File Builder\PresentationStyles\VS2013\icons\protstructure.gif -&gt; C:\Users\shima\Documents\Visual Studio 2015\Projects\opencvsharp\Help\Working\Output\Website\icons\protstructure.gif
C:\Program Files (x86)\EWSoftware\Sandcastle Help File Builder\PresentationStyles\VS2013\icons\pubclass.gif -&gt; C:\Users\shima\Documents\Visual Studio 2015\Projects\opencvsharp\Help\Working\Output\Website\icons\pubclass.gif
C:\Program Files (x86)\EWSoftware\Sandcastle Help File Builder\PresentationStyles\VS2013\icons\pubdelegate.gif -&gt; C:\Users\shima\Documents\Visual Studio 2015\Projects\opencvsharp\Help\Working\Output\Website\icons\pubdelegate.gif
C:\Program Files (x86)\EWSoftware\Sandcastle Help File Builder\PresentationStyles\VS2013\icons\pubenumeration.gif -&gt; C:\Users\shima\Documents\Visual Studio 2015\Projects\opencvsharp\Help\Working\Output\Website\icons\pubenumeration.gif
C:\Program Files (x86)\EWSoftware\Sandcastle Help File Builder\PresentationStyles\VS2013\icons\pubevent.gif -&gt; C:\Users\shima\Documents\Visual Studio 2015\Projects\opencvsharp\Help\Working\Output\Website\icons\pubevent.gif
C:\Program Files (x86)\EWSoftware\Sandcastle Help File Builder\PresentationStyles\VS2013\icons\pubextension.gif -&gt; C:\Users\shima\Documents\Visual Studio 2015\Projects\opencvsharp\Help\Working\Output\Website\icons\pubextension.gif
C:\Program Files (x86)\EWSoftware\Sandcastle Help File Builder\PresentationStyles\VS2013\icons\pubfield.gif -&gt; C:\Users\shima\Documents\Visual Studio 2015\Projects\opencvsharp\Help\Working\Output\Website\icons\pubfield.gif
C:\Program Files (x86)\EWSoftware\Sandcastle Help File Builder\PresentationStyles\VS2013\icons\pubinterface.gif -&gt; C:\Users\shima\Documents\Visual Studio 2015\Projects\opencvsharp\Help\Working\Output\Website\icons\pubinterface.gif
C:\Program Files (x86)\EWSoftware\Sandcastle Help File Builder\PresentationStyles\VS2013\icons\pubmethod.gif -&gt; C:\Users\shima\Documents\Visual Studio 2015\Projects\opencvsharp\Help\Working\Output\Website\icons\pubmethod.gif
C:\Program Files (x86)\EWSoftware\Sandcastle Help File Builder\PresentationStyles\VS2013\icons\puboperator.gif -&gt; C:\Users\shima\Documents\Visual Studio 2015\Projects\opencvsharp\Help\Working\Output\Website\icons\puboperator.gif
C:\Program Files (x86)\EWSoftware\Sandcastle Help File Builder\PresentationStyles\VS2013\icons\pubproperty.gif -&gt; C:\Users\shima\Documents\Visual Studio 2015\Projects\opencvsharp\Help\Working\Output\Website\icons\pubproperty.gif
C:\Program Files (x86)\EWSoftware\Sandcastle Help File Builder\PresentationStyles\VS2013\icons\pubstructure.gif -&gt; C:\Users\shima\Documents\Visual Studio 2015\Projects\opencvsharp\Help\Working\Output\Website\icons\pubstructure.gif
C:\Program Files (x86)\EWSoftware\Sandcastle Help File Builder\PresentationStyles\VS2013\icons\SectionCollapsed.png -&gt; C:\Users\shima\Documents\Visual Studio 2015\Projects\opencvsharp\Help\Working\Output\Website\icons\SectionCollapsed.png
C:\Program Files (x86)\EWSoftware\Sandcastle Help File Builder\PresentationStyles\VS2013\icons\SectionExpanded.png -&gt; C:\Users\shima\Documents\Visual Studio 2015\Projects\opencvsharp\Help\Working\Output\Website\icons\SectionExpanded.png
C:\Program Files (x86)\EWSoftware\Sandcastle Help File Builder\PresentationStyles\VS2013\icons\slMobile.gif -&gt; C:\Users\shima\Documents\Visual Studio 2015\Projects\opencvsharp\Help\Working\Output\Website\icons\slMobile.gif
C:\Program Files (x86)\EWSoftware\Sandcastle Help File Builder\PresentationStyles\VS2013\icons\static.gif -&gt; C:\Users\shima\Documents\Visual Studio 2015\Projects\opencvsharp\Help\Working\Output\Website\icons\static.gif
C:\Program Files (x86)\EWSoftware\Sandcastle Help File Builder\PresentationStyles\VS2013\icons\xna.gif -&gt; C:\Users\shima\Documents\Visual Studio 2015\Projects\opencvsharp\Help\Working\Output\Website\icons\xna.gif
C:\Program Files (x86)\EWSoftware\Sandcastle Help File Builder\PresentationStyles\VS2013\scripts\branding.js -&gt; C:\Users\shima\Documents\Visual Studio 2015\Projects\opencvsharp\Help\Working\Output\Website\scripts\branding.js
C:\Program Files (x86)\EWSoftware\Sandcastle Help File Builder\PresentationStyles\VS2013\styles\branding-cs-CZ.css -&gt; C:\Users\shima\Documents\Visual Studio 2015\Projects\opencvsharp\Help\Working\Output\Website\styles\branding-cs-CZ.css
C:\Program Files (x86)\EWSoftware\Sandcastle Help File Builder\PresentationStyles\VS2013\styles\branding-de-DE.css -&gt; C:\Users\shima\Documents\Visual Studio 2015\Projects\opencvsharp\Help\Working\Output\Website\styles\branding-de-DE.css
C:\Program Files (x86)\EWSoftware\Sandcastle Help File Builder\PresentationStyles\VS2013\styles\branding-en-US.css -&gt; C:\Users\shima\Documents\Visual Studio 2015\Projects\opencvsharp\Help\Working\Output\Website\styles\branding-en-US.css
C:\Program Files (x86)\EWSoftware\Sandcastle Help File Builder\PresentationStyles\VS2013\styles\branding-es-ES.css -&gt; C:\Users\shima\Documents\Visual Studio 2015\Projects\opencvsharp\Help\Working\Output\Website\styles\branding-es-ES.css
C:\Program Files (x86)\EWSoftware\Sandcastle Help File Builder\PresentationStyles\VS2013\styles\branding-fr-FR.css -&gt; C:\Users\shima\Documents\Visual Studio 2015\Projects\opencvsharp\Help\Working\Output\Website\styles\branding-fr-FR.css
C:\Program Files (x86)\EWSoftware\Sandcastle Help File Builder\PresentationStyles\VS2013\styles\branding-Help1.css -&gt; C:\Users\shima\Documents\Visual Studio 2015\Projects\opencvsharp\Help\Working\Output\Website\styles\branding-Help1.css
C:\Program Files (x86)\EWSoftware\Sandcastle Help File Builder\PresentationStyles\VS2013\styles\branding-HelpViewer.css -&gt; C:\Users\shima\Documents\Visual Studio 2015\Projects\opencvsharp\Help\Working\Output\Website\styles\branding-HelpViewer.css
C:\Program Files (x86)\EWSoftware\Sandcastle Help File Builder\PresentationStyles\VS2013\styles\branding-it-IT.css -&gt; C:\Users\shima\Documents\Visual Studio 2015\Projects\opencvsharp\Help\Working\Output\Website\styles\branding-it-IT.css
C:\Program Files (x86)\EWSoftware\Sandcastle Help File Builder\PresentationStyles\VS2013\styles\branding-ja-JP.css -&gt; C:\Users\shima\Documents\Visual Studio 2015\Projects\opencvsharp\Help\Working\Output\Website\styles\branding-ja-JP.css
C:\Program Files (x86)\EWSoftware\Sandcastle Help File Builder\PresentationStyles\VS2013\styles\branding-ko-KR.css -&gt; C:\Users\shima\Documents\Visual Studio 2015\Projects\opencvsharp\Help\Working\Output\Website\styles\branding-ko-KR.css
C:\Program Files (x86)\EWSoftware\Sandcastle Help File Builder\PresentationStyles\VS2013\styles\branding-pl-PL.css -&gt; C:\Users\shima\Documents\Visual Studio 2015\Projects\opencvsharp\Help\Working\Output\Website\styles\branding-pl-PL.css
C:\Program Files (x86)\EWSoftware\Sandcastle Help File Builder\PresentationStyles\VS2013\styles\branding-pt-BR.css -&gt; C:\Users\shima\Documents\Visual Studio 2015\Projects\opencvsharp\Help\Working\Output\Website\styles\branding-pt-BR.css
C:\Program Files (x86)\EWSoftware\Sandcastle Help File Builder\PresentationStyles\VS2013\styles\branding-ru-RU.css -&gt; C:\Users\shima\Documents\Visual Studio 2015\Projects\opencvsharp\Help\Working\Output\Website\styles\branding-ru-RU.css
C:\Program Files (x86)\EWSoftware\Sandcastle Help File Builder\PresentationStyles\VS2013\styles\branding-tr-TR.css -&gt; C:\Users\shima\Documents\Visual Studio 2015\Projects\opencvsharp\Help\Working\Output\Website\styles\branding-tr-TR.css
C:\Program Files (x86)\EWSoftware\Sandcastle Help File Builder\PresentationStyles\VS2013\styles\branding-Website.css -&gt; C:\Users\shima\Documents\Visual Studio 2015\Projects\opencvsharp\Help\Working\Output\Website\styles\branding-Website.css
C:\Program Files (x86)\EWSoftware\Sandcastle Help File Builder\PresentationStyles\VS2013\styles\branding-zh-CN.css -&gt; C:\Users\shima\Documents\Visual Studio 2015\Projects\opencvsharp\Help\Working\Output\Website\styles\branding-zh-CN.css
C:\Program Files (x86)\EWSoftware\Sandcastle Help File Builder\PresentationStyles\VS2013\styles\branding-zh-TW.css -&gt; C:\Users\shima\Documents\Visual Studio 2015\Projects\opencvsharp\Help\Working\Output\Website\styles\branding-zh-TW.css
C:\Program Files (x86)\EWSoftware\Sandcastle Help File Builder\PresentationStyles\VS2013\styles\branding.css -&gt; C:\Users\shima\Documents\Visual Studio 2015\Projects\opencvsharp\Help\Working\Output\Website\styles\branding.css
C:\Program Files (x86)\EWSoftware\Sandcastle Help File Builder\PresentationStyles\VS2013\Web\index.html -&gt; C:\Users\shima\Documents\Visual Studio 2015\Projects\opencvsharp\Help\Working\Output\Website\index.html
C:\Program Files (x86)\EWSoftware\Sandcastle Help File Builder\PresentationStyles\VS2013\Web\search.html -&gt; C:\Users\shima\Documents\Visual Studio 2015\Projects\opencvsharp\Help\Working\Output\Website\search.html
C:\Program Files (x86)\EWSoftware\Sandcastle Help File Builder\PresentationStyles\VS2013\Web\SearchHelp.aspx -&gt; C:\Users\shima\Documents\Visual Studio 2015\Projects\opencvsharp\Help\Working\Output\Website\SearchHelp.aspx
C:\Program Files (x86)\EWSoftware\Sandcastle Help File Builder\PresentationStyles\VS2013\Web\SearchHelp.inc.php -&gt; C:\Users\shima\Documents\Visual Studio 2015\Projects\opencvsharp\Help\Working\Output\Website\SearchHelp.inc.php
C:\Program Files (x86)\EWSoftware\Sandcastle Help File Builder\PresentationStyles\VS2013\Web\SearchHelp.php -&gt; C:\Users\shima\Documents\Visual Studio 2015\Projects\opencvsharp\Help\Working\Output\Website\SearchHelp.php
C:\Program Files (x86)\EWSoftware\Sandcastle Help File Builder\PresentationStyles\VS2013\Web\Web.Config -&gt; C:\Users\shima\Documents\Visual Studio 2015\Projects\opencvsharp\Help\Working\Output\Website\Web.Config
C:\Program Files (x86)\EWSoftware\Sandcastle Help File Builder\PresentationStyles\VS2013\Web\icons\Search.png -&gt; C:\Users\shima\Documents\Visual Studio 2015\Projects\opencvsharp\Help\Working\Output\Website\icons\Search.png
C:\Program Files (x86)\EWSoftware\Sandcastle Help File Builder\PresentationStyles\VS2013\Web\icons\TocClose.gif -&gt; C:\Users\shima\Documents\Visual Studio 2015\Projects\opencvsharp\Help\Working\Output\Website\icons\TocClose.gif
C:\Program Files (x86)\EWSoftware\Sandcastle Help File Builder\PresentationStyles\VS2013\Web\icons\TocCollapsed.gif -&gt; C:\Users\shima\Documents\Visual Studio 2015\Projects\opencvsharp\Help\Working\Output\Website\icons\TocCollapsed.gif
C:\Program Files (x86)\EWSoftware\Sandcastle Help File Builder\PresentationStyles\VS2013\Web\icons\TocExpanded.gif -&gt; C:\Users\shima\Documents\Visual Studio 2015\Projects\opencvsharp\Help\Working\Output\Website\icons\TocExpanded.gif
C:\Program Files (x86)\EWSoftware\Sandcastle Help File Builder\PresentationStyles\VS2013\Web\icons\TocOpen.gif -&gt; C:\Users\shima\Documents\Visual Studio 2015\Projects\opencvsharp\Help\Working\Output\Website\icons\TocOpen.gif
C:\Program Files (x86)\EWSoftware\Sandcastle Help File Builder\PresentationStyles\VS2013\Web\scripts\branding-Website.js -&gt; C:\Users\shima\Documents\Visual Studio 2015\Projects\opencvsharp\Help\Working\Output\Website\scripts\branding-Website.js
C:\Program Files (x86)\EWSoftware\Sandcastle Help File Builder\PresentationStyles\VS2013\Web\scripts\clipboard.min.js -&gt; C:\Users\shima\Documents\Visual Studio 2015\Projects\opencvsharp\Help\Working\Output\Website\scripts\clipboard.min.js
C:\Program Files (x86)\EWSoftware\Sandcastle Help File Builder\PresentationStyles\VS2013\Web\scripts\jquery-1.11.0.min.js -&gt; C:\Users\shima\Documents\Visual Studio 2015\Projects\opencvsharp\Help\Working\Output\Website\scripts\jquery-1.11.0.min.js
    Last step completed in 00:00:00.4827
</buildStep>
<buildStep step="GenerateHelpFormatTableOfContents">
Generating website table of contents file...
    Last step completed in 00:00:00.0000
</buildStep>
<buildStep step="GenerateFullTextIndex">
Generating full-text index for the website...

<plugIn name="Lightweight Website Style" behavior="After" priority="1000">
Adding lightweight search and TOC elements to each topic...
</plugIn>    Last step completed in 00:01:18.6039
</buildStep>
<buildStep step="CopyingWebsiteFiles">
Copying website files to output folder...

Copied 500 files
Copied 1000 files
Copied 1500 files
Copied 2000 files
Copied 2500 files
Copied 3000 files
Copied 3500 files
Copied 4000 files
Copied 4500 files
Copied 5000 files
Copied 5500 files
Copied 6000 files
Copied 6500 files
Copied 7000 files
Copied 7500 files
Copied 8000 files
Copied 8500 files
Copied 9000 files
Copied 9500 files
Copied 9603 files for the website content
    Last step completed in 00:06:11.7102
</buildStep>
<buildStep step="CleanIntermediates">
Removing intermediate files...
    Last step completed in 00:00:04.2830
</buildStep>
<buildStep step="Completed">

Build completed successfully at 2017/02/21 16:05:09.  Total time: 00:13:40.5561

</buildStep>
</shfbBuild>
